<?xml version="1.0" encoding="UTF-8"?>
<testsuite name="com.pronet.signup.SignupResourceTest" tests="1" skipped="1" failures="0" errors="0" timestamp="2015-03-15T02:16:29" hostname="neerajas-MacBook-Pro.local" time="0.0">
  <properties/>
  <testcase name="itSignupUser" classname="com.pronet.signup.SignupResourceTest" time="0.0">
    <skipped/>
  </testcase>
  <system-out><![CDATA[]]></system-out>
  <system-err><![CDATA[]]></system-err>
</testsuite>
